[2026-03-21 12:49:08] Razzle scheduler started. Posting 1 tweet every 1.0 hours.
[2026-03-21 12:49:08] Queue directory: C:\Users\mcgui\Documents\razzle\twitter\queue\approved
[2026-03-21 12:49:08] Press Ctrl+C to stop.

[2026-03-21 12:49:08] Queue health: 53 pending, 53 ready to post.
[2026-03-21 12:49:08] Posting: 2026-03-21_13-00_community_rb1_poll.md
  Uploaded media: 2035398321561292800
  Posted tweet: 2035398327202636130
  Logged to results.tsv
  Moved to posted/: 2026-03-21_13-00_community_rb1_poll.md
[2026-03-21 12:49:11] Posted successfully. 52 drafts remaining in queue.
[2026-03-21 12:49:11] Next post at ~13:49 (1.0h from now).

[2026-03-21 13:49:11] Queue health: 51 pending, 51 ready to post.
[2026-03-21 13:49:11] Posting: 2026-03-21_19-00_verdict_hawkeye_achane.md
  Uploaded media: 2035413433718607872
  Posted tweet: 2035413438831218818
  Logged to results.tsv
  Moved to posted/: 2026-03-21_19-00_verdict_hawkeye_achane.md
[2026-03-21 13:49:14] Posted successfully. 50 drafts remaining in queue.
[2026-03-21 13:49:14] Next post at ~14:49 (1.0h from now).

[2026-03-21 14:49:14] Queue health: 49 pending, 49 ready to post.
[2026-03-21 14:49:14] Posting: 2026-03-22_12-00_evidence_bowers_rookie.md
  Uploaded media: 2035428545346838529
  Posted tweet: 2035428551751512550
  Logged to results.tsv
  Moved to posted/: 2026-03-22_12-00_evidence_bowers_rookie.md
[2026-03-21 14:49:17] Posted successfully. 48 drafts remaining in queue.
[2026-03-21 14:49:17] Next post at ~15:49 (1.0h from now).

[2026-03-21 18:42:42] Queue health: 48 pending, 48 ready to post.
[2026-03-21 18:42:42] Posting: 2026-03-22_13-00_community_kelce_take.md
  Uploaded media: 2035487297949552640
  Posted tweet: 2035487301443199409
  Logged to results.tsv
  Moved to posted/: 2026-03-22_13-00_community_kelce_take.md
[2026-03-21 18:42:44] Posted successfully. 47 drafts remaining in queue.
[2026-03-21 18:42:44] Next post at ~19:42 (1.0h from now).

[2026-03-21 19:42:44] Queue health: 47 pending, 47 ready to post.
[2026-03-21 19:42:44] Posting: 2026-03-22_19-00_verdict_bones_sell_lamb.md
  Uploaded media: 2035502405219966976
  Posted tweet: 2035502408739004580
  Logged to results.tsv
  Moved to posted/: 2026-03-22_19-00_verdict_bones_sell_lamb.md
[2026-03-21 19:42:46] Posted successfully. 46 drafts remaining in queue.
[2026-03-21 19:42:46] Next post at ~20:42 (1.0h from now).

[2026-03-21 20:42:46] Queue health: 46 pending, 46 ready to post.
[2026-03-21 20:42:46] Posting: 2026-03-23_12-00_verdict_bones_buy_higgins.md
  Uploaded media: 2035517513388412928
  Posted tweet: 2035517517016281146
  Logged to results.tsv
  Moved to posted/: 2026-03-23_12-00_verdict_bones_buy_higgins.md
[2026-03-21 20:42:48] Posted successfully. 45 drafts remaining in queue.
[2026-03-21 20:42:48] Next post at ~21:42 (1.0h from now).

[2026-03-21 21:42:48] Queue health: 45 pending, 45 ready to post.
[2026-03-21 21:42:48] Posting: 2026-03-23_13-00_community_mhj_btj.md
  Uploaded media: 2035532620692422656
  Posted tweet: 2035532624202985505
  Logged to results.tsv
  Moved to posted/: 2026-03-23_13-00_community_mhj_btj.md
[2026-03-21 21:42:50] Posted successfully. 44 drafts remaining in queue.
[2026-03-21 21:42:50] Next post at ~22:42 (1.0h from now).

[2026-03-21 22:42:50] Queue health: 44 pending, 44 ready to post.
[2026-03-21 22:42:50] Posting: 2026-03-23_18-00_evidence_cook_tds.md
  Uploaded media: 2035547727661023232
  Posted tweet: 2035547730936770644
  Logged to results.tsv
  Moved to posted/: 2026-03-23_18-00_evidence_cook_tds.md
[2026-03-21 22:42:51] Posted successfully. 43 drafts remaining in queue.
[2026-03-21 22:42:51] Next post at ~23:42 (1.0h from now).

[2026-03-21 23:42:51] Queue health: 43 pending, 43 ready to post.
[2026-03-21 23:42:51] Posting: 2026-03-23_19-00_mascot_pulled_film.md
  Uploaded media: 2035562833803427840
  Posted tweet: 2035562837586657390
  Logged to results.tsv
  Moved to posted/: 2026-03-23_19-00_mascot_pulled_film.md
[2026-03-21 23:42:53] Posted successfully. 42 drafts remaining in queue.
[2026-03-21 23:42:53] Next post at ~00:42 (1.0h from now).

